<?xml version="1.0" encoding="UTF-8"?>
<!-- Generated by org.testng.reporters.JUnitXMLReporter -->
<testsuite ignored="7" hostname="AnbuPC" failures="0" tests="1" name="Default test" time="3.996" errors="0" timestamp="2024-08-22T17:24:02 EDT">
  <testcase classname="testCases.DS_IntroductionTests" name="Test_DS_TimeComplexity_Practice_Questions_link" time="1.735"/>
  <testcase classname="testCases.DS_IntroductionTests" name="DS_TimeComplexity_SignOutBtn" time="0.0">
    <ignored/>
  </testcase> <!-- DS_TimeComplexity_SignOutBtn -->
  <testcase classname="testCases.DS_IntroductionTests" name="Test_DS_TryHere" time="0.0">
    <ignored/>
  </testcase> <!-- Test_DS_TryHere -->
  <testcase classname="testCases.DS_IntroductionTests" name="Test_DS_TimeComplexityLink" time="0.0">
    <ignored/>
  </testcase> <!-- Test_DS_TimeComplexityLink -->
  <testcase classname="testCases.DS_IntroductionTests" name="DS_PythonEditor_InValidCodes" time="0.0">
    <ignored/>
  </testcase> <!-- DS_PythonEditor_InValidCodes -->
  <testcase classname="testCases.DS_IntroductionTests" name="Test_LeftPanel_TimeComplexity" time="0.0">
    <ignored/>
  </testcase> <!-- Test_LeftPanel_TimeComplexity -->
  <testcase classname="testCases.DS_IntroductionTests" name="DS_PythonEditor_ValidCodes" time="0.0">
    <ignored/>
  </testcase> <!-- DS_PythonEditor_ValidCodes -->
  <testcase classname="testCases.DS_IntroductionTests" name="DS_PythonEditor_WithoutCodes" time="0.0">
    <ignored/>
  </testcase> <!-- DS_PythonEditor_WithoutCodes -->
</testsuite> <!-- Default test -->
