<?xml version="1.0" encoding="UTF-8"?>
<!-- Generated by org.testng.reporters.JUnitXMLReporter -->
<testsuite ignored="0" hostname="KPS" failures="0" tests="12" name="Default test" time="49.782" errors="0" timestamp="2024-08-23T10:29:20 EDT">
  <testcase classname="testCases.LinkedListPageTests" name="check_CreatingLinkedListTab" time="2.181"/>
  <testcase classname="testCases.LinkedListPageTests" name="check_Deletion" time="1.797"/>
  <testcase classname="testCases.LinkedListPageTests" name="check_ImplementingLinkedListTab" time="1.983"/>
  <testcase classname="testCases.LinkedListPageTests" name="check_Insertion" time="1.763"/>
  <testcase classname="testCases.LinkedListPageTests" name="check_IntoductionTab" time="1.654"/>
  <testcase classname="testCases.LinkedListPageTests" name="check_LinkedListHomePage" time="1.463"/>
  <testcase classname="testCases.LinkedListPageTests" name="check_PythonEditorInvalidInput" time="2.582"/>
  <testcase classname="testCases.LinkedListPageTests" name="check_PythonEditorNoCode" time="3.298"/>
  <testcase classname="testCases.LinkedListPageTests" name="check_PythonEditorValidInput" time="2.718"/>
  <testcase classname="testCases.LinkedListPageTests" name="check_Traversal" time="1.624"/>
  <testcase classname="testCases.LinkedListPageTests" name="check_TryHereButton" time="2.25"/>
  <testcase classname="testCases.LinkedListPageTests" name="check_TypesOfLinkedListTab" time="1.805"/>
</testsuite> <!-- Default test -->
