<?xml version="1.0" encoding="UTF-8"?>
<!-- Generated by org.testng.reporters.JUnitXMLReporter -->
<testsuite ignored="0" hostname="LAPTOP-E1NRTU5J" failures="0" tests="2" name="SDET Warrior Test" time="9.097" errors="0" timestamp="2024-08-21T23:20:13 CDT">
  <testcase classname="testCases.GetStartedPageTests" name="TestGetStartedButton" time="0.474"/>
  <testcase classname="testCases.GetStartedPageTests" name="CopyrightNumpyNinja2021Display" time="0.037"/>
</testsuite> <!-- SDET Warrior Test -->
