<?xml version="1.0" encoding="UTF-8"?>
<!-- Generated by org.testng.reporters.JUnitXMLReporter -->
<testsuite ignored="0" hostname="KPS" failures="0" tests="12" name="SDET Warrior Test" time="49.978" errors="0" timestamp="2024-08-23T10:34:19 EDT">
  <testcase classname="testCases.LinkedListPageTests" name="check_CreatingLinkedListTab" time="1.908"/>
  <testcase classname="testCases.LinkedListPageTests" name="check_Deletion" time="1.965"/>
  <testcase classname="testCases.LinkedListPageTests" name="check_ImplementingLinkedListTab" time="1.687"/>
  <testcase classname="testCases.LinkedListPageTests" name="check_Insertion" time="1.879"/>
  <testcase classname="testCases.LinkedListPageTests" name="check_IntoductionTab" time="1.784"/>
  <testcase classname="testCases.LinkedListPageTests" name="check_LinkedListHomePage" time="1.531"/>
  <testcase classname="testCases.LinkedListPageTests" name="check_PythonEditorInvalidInput" time="3.023"/>
  <testcase classname="testCases.LinkedListPageTests" name="check_PythonEditorNoInput" time="2.457"/>
  <testcase classname="testCases.LinkedListPageTests" name="check_PythonEditorValidInput" time="2.703"/>
  <testcase classname="testCases.LinkedListPageTests" name="check_Traversal" time="1.715"/>
  <testcase classname="testCases.LinkedListPageTests" name="check_TryHereButton" time="2.149"/>
  <testcase classname="testCases.LinkedListPageTests" name="check_TypesOfLinkedListTab" time="1.554"/>
</testsuite> <!-- SDET Warrior Test -->
