<?xml version="1.0" encoding="UTF-8"?>
<testng-results ignored="0" total="12" passed="12" failed="0" skipped="0">
  <reporter-output>
  </reporter-output>
  <suite started-at="2024-08-23T10:33:28 EDT" name="SDET_Warriors_Test_Suite" finished-at="2024-08-23T10:34:18 EDT" duration-ms="49978">
    <groups>
    </groups>
    <test started-at="2024-08-23T10:33:28 EDT" name="SDET Warrior Test" finished-at="2024-08-23T10:34:18 EDT" duration-ms="49978">
      <class name="testCases.LinkedListPageTests">
        <test-method is-config="true" signature="initializeBrowser()[pri:0, instance:testCases.LinkedListPageTests@775594f2]" started-at="2024-08-23T10:33:28 EDT" name="initializeBrowser" finished-at="2024-08-23T10:33:31 EDT" duration-ms="2978" status="PASS">
          <reporter-output>
          </reporter-output>
        </test-method> <!-- initializeBrowser -->
        <test-method signature="check_CreatingLinkedListTab()[pri:0, instance:testCases.LinkedListPageTests@775594f2]" started-at="2024-08-23T10:33:31 EDT" name="check_CreatingLinkedListTab" finished-at="2024-08-23T10:33:33 EDT" duration-ms="1908" status="PASS">
          <reporter-output>
          </reporter-output>
        </test-method> <!-- check_CreatingLinkedListTab -->
        <test-method is-config="true" signature="tearDown()[pri:0, instance:testCases.LinkedListPageTests@775594f2]" started-at="2024-08-23T10:33:33 EDT" name="tearDown" finished-at="2024-08-23T10:33:34 EDT" duration-ms="624" status="PASS">
          <reporter-output>
          </reporter-output>
        </test-method> <!-- tearDown -->
        <test-method is-config="true" signature="initializeBrowser()[pri:0, instance:testCases.LinkedListPageTests@775594f2]" started-at="2024-08-23T10:33:34 EDT" name="initializeBrowser" finished-at="2024-08-23T10:33:36 EDT" duration-ms="1526" status="PASS">
          <reporter-output>
          </reporter-output>
        </test-method> <!-- initializeBrowser -->
        <test-method signature="check_Deletion()[pri:0, instance:testCases.LinkedListPageTests@775594f2]" started-at="2024-08-23T10:33:36 EDT" name="check_Deletion" finished-at="2024-08-23T10:33:38 EDT" duration-ms="1965" status="PASS">
          <reporter-output>
          </reporter-output>
        </test-method> <!-- check_Deletion -->
        <test-method is-config="true" signature="tearDown()[pri:0, instance:testCases.LinkedListPageTests@775594f2]" started-at="2024-08-23T10:33:38 EDT" name="tearDown" finished-at="2024-08-23T10:33:38 EDT" duration-ms="331" status="PASS">
          <reporter-output>
          </reporter-output>
        </test-method> <!-- tearDown -->
        <test-method is-config="true" signature="initializeBrowser()[pri:0, instance:testCases.LinkedListPageTests@775594f2]" started-at="2024-08-23T10:33:38 EDT" name="initializeBrowser" finished-at="2024-08-23T10:33:40 EDT" duration-ms="1756" status="PASS">
          <reporter-output>
          </reporter-output>
        </test-method> <!-- initializeBrowser -->
        <test-method signature="check_ImplementingLinkedListTab()[pri:0, instance:testCases.LinkedListPageTests@775594f2]" started-at="2024-08-23T10:33:40 EDT" name="check_ImplementingLinkedListTab" finished-at="2024-08-23T10:33:41 EDT" duration-ms="1687" status="PASS">
          <reporter-output>
          </reporter-output>
        </test-method> <!-- check_ImplementingLinkedListTab -->
        <test-method is-config="true" signature="tearDown()[pri:0, instance:testCases.LinkedListPageTests@775594f2]" started-at="2024-08-23T10:33:41 EDT" name="tearDown" finished-at="2024-08-23T10:33:42 EDT" duration-ms="331" status="PASS">
          <reporter-output>
          </reporter-output>
        </test-method> <!-- tearDown -->
        <test-method is-config="true" signature="initializeBrowser()[pri:0, instance:testCases.LinkedListPageTests@775594f2]" started-at="2024-08-23T10:33:42 EDT" name="initializeBrowser" finished-at="2024-08-23T10:33:43 EDT" duration-ms="1457" status="PASS">
          <reporter-output>
          </reporter-output>
        </test-method> <!-- initializeBrowser -->
        <test-method signature="check_Insertion()[pri:0, instance:testCases.LinkedListPageTests@775594f2]" started-at="2024-08-23T10:33:43 EDT" name="check_Insertion" finished-at="2024-08-23T10:33:45 EDT" duration-ms="1879" status="PASS">
          <reporter-output>
          </reporter-output>
        </test-method> <!-- check_Insertion -->
        <test-method is-config="true" signature="tearDown()[pri:0, instance:testCases.LinkedListPageTests@775594f2]" started-at="2024-08-23T10:33:45 EDT" name="tearDown" finished-at="2024-08-23T10:33:45 EDT" duration-ms="380" status="PASS">
          <reporter-output>
          </reporter-output>
        </test-method> <!-- tearDown -->
        <test-method is-config="true" signature="initializeBrowser()[pri:0, instance:testCases.LinkedListPageTests@775594f2]" started-at="2024-08-23T10:33:45 EDT" name="initializeBrowser" finished-at="2024-08-23T10:33:47 EDT" duration-ms="1684" status="PASS">
          <reporter-output>
          </reporter-output>
        </test-method> <!-- initializeBrowser -->
        <test-method signature="check_IntoductionTab()[pri:0, instance:testCases.LinkedListPageTests@775594f2]" started-at="2024-08-23T10:33:47 EDT" name="check_IntoductionTab" finished-at="2024-08-23T10:33:49 EDT" duration-ms="1784" status="PASS">
          <reporter-output>
          </reporter-output>
        </test-method> <!-- check_IntoductionTab -->
        <test-method is-config="true" signature="tearDown()[pri:0, instance:testCases.LinkedListPageTests@775594f2]" started-at="2024-08-23T10:33:49 EDT" name="tearDown" finished-at="2024-08-23T10:33:49 EDT" duration-ms="288" status="PASS">
          <reporter-output>
          </reporter-output>
        </test-method> <!-- tearDown -->
        <test-method is-config="true" signature="initializeBrowser()[pri:0, instance:testCases.LinkedListPageTests@775594f2]" started-at="2024-08-23T10:33:49 EDT" name="initializeBrowser" finished-at="2024-08-23T10:33:51 EDT" duration-ms="1367" status="PASS">
          <reporter-output>
          </reporter-output>
        </test-method> <!-- initializeBrowser -->
        <test-method signature="check_LinkedListHomePage()[pri:0, instance:testCases.LinkedListPageTests@775594f2]" started-at="2024-08-23T10:33:51 EDT" name="check_LinkedListHomePage" finished-at="2024-08-23T10:33:52 EDT" duration-ms="1531" status="PASS">
          <reporter-output>
          </reporter-output>
        </test-method> <!-- check_LinkedListHomePage -->
        <test-method is-config="true" signature="tearDown()[pri:0, instance:testCases.LinkedListPageTests@775594f2]" started-at="2024-08-23T10:33:52 EDT" name="tearDown" finished-at="2024-08-23T10:33:52 EDT" duration-ms="367" status="PASS">
          <reporter-output>
          </reporter-output>
        </test-method> <!-- tearDown -->
        <test-method is-config="true" signature="initializeBrowser()[pri:0, instance:testCases.LinkedListPageTests@775594f2]" started-at="2024-08-23T10:33:52 EDT" name="initializeBrowser" finished-at="2024-08-23T10:33:54 EDT" duration-ms="1772" status="PASS">
          <reporter-output>
          </reporter-output>
        </test-method> <!-- initializeBrowser -->
        <test-method signature="check_PythonEditorInvalidInput()[pri:0, instance:testCases.LinkedListPageTests@775594f2]" started-at="2024-08-23T10:33:54 EDT" name="check_PythonEditorInvalidInput" finished-at="2024-08-23T10:33:57 EDT" duration-ms="3023" status="PASS">
          <reporter-output>
          </reporter-output>
        </test-method> <!-- check_PythonEditorInvalidInput -->
        <test-method is-config="true" signature="tearDown()[pri:0, instance:testCases.LinkedListPageTests@775594f2]" started-at="2024-08-23T10:33:57 EDT" name="tearDown" finished-at="2024-08-23T10:33:58 EDT" duration-ms="338" status="PASS">
          <reporter-output>
          </reporter-output>
        </test-method> <!-- tearDown -->
        <test-method is-config="true" signature="initializeBrowser()[pri:0, instance:testCases.LinkedListPageTests@775594f2]" started-at="2024-08-23T10:33:58 EDT" name="initializeBrowser" finished-at="2024-08-23T10:33:59 EDT" duration-ms="1522" status="PASS">
          <reporter-output>
          </reporter-output>
        </test-method> <!-- initializeBrowser -->
        <test-method signature="check_PythonEditorNoInput()[pri:0, instance:testCases.LinkedListPageTests@775594f2]" started-at="2024-08-23T10:33:59 EDT" name="check_PythonEditorNoInput" finished-at="2024-08-23T10:34:02 EDT" duration-ms="2457" status="PASS">
          <reporter-output>
          </reporter-output>
        </test-method> <!-- check_PythonEditorNoInput -->
        <test-method is-config="true" signature="tearDown()[pri:0, instance:testCases.LinkedListPageTests@775594f2]" started-at="2024-08-23T10:34:02 EDT" name="tearDown" finished-at="2024-08-23T10:34:02 EDT" duration-ms="270" status="PASS">
          <reporter-output>
          </reporter-output>
        </test-method> <!-- tearDown -->
        <test-method is-config="true" signature="initializeBrowser()[pri:0, instance:testCases.LinkedListPageTests@775594f2]" started-at="2024-08-23T10:34:02 EDT" name="initializeBrowser" finished-at="2024-08-23T10:34:03 EDT" duration-ms="1655" status="PASS">
          <reporter-output>
          </reporter-output>
        </test-method> <!-- initializeBrowser -->
        <test-method signature="check_PythonEditorValidInput()[pri:0, instance:testCases.LinkedListPageTests@775594f2]" started-at="2024-08-23T10:34:03 EDT" name="check_PythonEditorValidInput" finished-at="2024-08-23T10:34:06 EDT" duration-ms="2703" status="PASS">
          <reporter-output>
          </reporter-output>
        </test-method> <!-- check_PythonEditorValidInput -->
        <test-method is-config="true" signature="tearDown()[pri:0, instance:testCases.LinkedListPageTests@775594f2]" started-at="2024-08-23T10:34:06 EDT" name="tearDown" finished-at="2024-08-23T10:34:07 EDT" duration-ms="488" status="PASS">
          <reporter-output>
          </reporter-output>
        </test-method> <!-- tearDown -->
        <test-method is-config="true" signature="initializeBrowser()[pri:0, instance:testCases.LinkedListPageTests@775594f2]" started-at="2024-08-23T10:34:07 EDT" name="initializeBrowser" finished-at="2024-08-23T10:34:08 EDT" duration-ms="1495" status="PASS">
          <reporter-output>
          </reporter-output>
        </test-method> <!-- initializeBrowser -->
        <test-method signature="check_Traversal()[pri:0, instance:testCases.LinkedListPageTests@775594f2]" started-at="2024-08-23T10:34:08 EDT" name="check_Traversal" finished-at="2024-08-23T10:34:10 EDT" duration-ms="1715" status="PASS">
          <reporter-output>
          </reporter-output>
        </test-method> <!-- check_Traversal -->
        <test-method is-config="true" signature="tearDown()[pri:0, instance:testCases.LinkedListPageTests@775594f2]" started-at="2024-08-23T10:34:10 EDT" name="tearDown" finished-at="2024-08-23T10:34:10 EDT" duration-ms="299" status="PASS">
          <reporter-output>
          </reporter-output>
        </test-method> <!-- tearDown -->
        <test-method is-config="true" signature="initializeBrowser()[pri:0, instance:testCases.LinkedListPageTests@775594f2]" started-at="2024-08-23T10:34:10 EDT" name="initializeBrowser" finished-at="2024-08-23T10:34:12 EDT" duration-ms="1597" status="PASS">
          <reporter-output>
          </reporter-output>
        </test-method> <!-- initializeBrowser -->
        <test-method signature="check_TryHereButton()[pri:0, instance:testCases.LinkedListPageTests@775594f2]" started-at="2024-08-23T10:34:12 EDT" name="check_TryHereButton" finished-at="2024-08-23T10:34:14 EDT" duration-ms="2149" status="PASS">
          <reporter-output>
          </reporter-output>
        </test-method> <!-- check_TryHereButton -->
        <test-method is-config="true" signature="tearDown()[pri:0, instance:testCases.LinkedListPageTests@775594f2]" started-at="2024-08-23T10:34:14 EDT" name="tearDown" finished-at="2024-08-23T10:34:14 EDT" duration-ms="527" status="PASS">
          <reporter-output>
          </reporter-output>
        </test-method> <!-- tearDown -->
        <test-method is-config="true" signature="initializeBrowser()[pri:0, instance:testCases.LinkedListPageTests@775594f2]" started-at="2024-08-23T10:34:14 EDT" name="initializeBrowser" finished-at="2024-08-23T10:34:16 EDT" duration-ms="1440" status="PASS">
          <reporter-output>
          </reporter-output>
        </test-method> <!-- initializeBrowser -->
        <test-method signature="check_TypesOfLinkedListTab()[pri:0, instance:testCases.LinkedListPageTests@775594f2]" started-at="2024-08-23T10:34:16 EDT" name="check_TypesOfLinkedListTab" finished-at="2024-08-23T10:34:17 EDT" duration-ms="1554" status="PASS">
          <reporter-output>
          </reporter-output>
        </test-method> <!-- check_TypesOfLinkedListTab -->
        <test-method is-config="true" signature="tearDown()[pri:0, instance:testCases.LinkedListPageTests@775594f2]" started-at="2024-08-23T10:34:17 EDT" name="tearDown" finished-at="2024-08-23T10:34:18 EDT" duration-ms="402" status="PASS">
          <reporter-output>
          </reporter-output>
        </test-method> <!-- tearDown -->
      </class> <!-- testCases.LinkedListPageTests -->
    </test> <!-- SDET Warrior Test -->
  </suite> <!-- SDET_Warriors_Test_Suite -->
</testng-results>
