<?xml version="1.0" encoding="UTF-8"?>
<testng-results ignored="0" total="1" passed="1" failed="0" skipped="0">
  <reporter-output>
  </reporter-output>
  <suite started-at="2024-08-22T17:23:58 EDT" name="Default suite" finished-at="2024-08-22T17:24:02 EDT" duration-ms="3996">
    <groups>
    </groups>
    <test started-at="2024-08-22T17:23:58 EDT" name="Default test" finished-at="2024-08-22T17:24:02 EDT" duration-ms="3996">
      <class name="testCases.DS_IntroductionTests">
        <test-method is-config="true" signature="initializeBrowser()[pri:0, instance:testCases.DS_IntroductionTests@1d81e101]" started-at="2024-08-22T17:23:59 EDT" name="initializeBrowser" finished-at="2024-08-22T17:24:01 EDT" duration-ms="1989" status="PASS">
          <reporter-output>
          </reporter-output>
        </test-method> <!-- initializeBrowser -->
        <test-method signature="Test_DS_TimeComplexity_Practice_Questions_link()[pri:0, instance:testCases.DS_IntroductionTests@1d81e101]" started-at="2024-08-22T17:24:01 EDT" name="Test_DS_TimeComplexity_Practice_Questions_link" finished-at="2024-08-22T17:24:02 EDT" duration-ms="1735" status="PASS">
          <reporter-output>
          </reporter-output>
        </test-method> <!-- Test_DS_TimeComplexity_Practice_Questions_link -->
        <test-method is-config="true" signature="tearDown()[pri:0, instance:testCases.DS_IntroductionTests@1d81e101]" started-at="2024-08-22T17:24:02 EDT" name="tearDown" finished-at="2024-08-22T17:24:02 EDT" duration-ms="162" status="PASS">
          <reporter-output>
          </reporter-output>
        </test-method> <!-- tearDown -->
      </class> <!-- testCases.DS_IntroductionTests -->
    </test> <!-- Default test -->
  </suite> <!-- Default suite -->
</testng-results>
